<?xml version="1.0" encoding="UTF-8"?>
<!-- Generated by org.testng.reporters.JUnitReportReporter -->
<testsuite hostname="DESKTOP-092LUS1" failures="0" tests="1" name="testCases.TC001_AccountRegistrationTest" time="9.422" errors="0" timestamp="2024-06-24T19:12:38 IST" skipped="0">
  <testcase classname="testCases.TC001_AccountRegistrationTest" name="verifyAccountRegistrationTest" time="9.422"/>
  <system-out/>
</testsuite> <!-- testCases.TC001_AccountRegistrationTest -->
