<?xml version="1.0" encoding="UTF-8"?>
<!-- Generated by org.testng.reporters.JUnitReportReporter -->
<testsuite hostname="DESKTOP-092LUS1" failures="0" tests="1" name="testCases.TC0002_LoginTest" time="4.022" errors="0" timestamp="2024-06-28T17:39:48 IST" skipped="0">
  <testcase classname="testCases.TC0002_LoginTest" name="verifyLogin" time="4.022"/>
  <system-out/>
</testsuite> <!-- testCases.TC0002_LoginTest -->
