<?xml version="1.0" encoding="UTF-8"?>
<!-- Generated by org.testng.reporters.JUnitReportReporter -->
<testsuite hostname="DESKTOP-092LUS1" failures="0" tests="1" name="testBase.TC001_AccountRegistrationTest" time="5.203" errors="0" timestamp="2024-06-18T16:48:19 IST" skipped="0">
  <testcase classname="testBase.TC001_AccountRegistrationTest" name="verifyAccountRegistrationTest" time="5.203"/>
  <system-out/>
</testsuite> <!-- testBase.TC001_AccountRegistrationTest -->
